{
  "stats": {
    "suites": 1,
    "tests": 1,
    "passes": 1,
    "pending": 0,
    "failures": 0,
    "start": "2024-09-22T22:32:02.212Z",
    "end": "2024-09-22T22:32:15.295Z",
    "duration": 13083,
    "testsRegistered": 1,
    "passPercent": 100,
    "pendingPercent": 0,
    "other": 0,
    "hasOther": false,
    "skipped": 0,
    "hasSkipped": false
  },
  "results": [
    {
      "uuid": "aa5b9772-d860-4fbc-932b-ae873e0bccb5",
      "title": "",
      "fullFile": "cypress\\e2e\\ProyectoAutomatizacion\\logout.spec.cy.js",
      "file": "cypress\\e2e\\ProyectoAutomatizacion\\logout.spec.cy.js",
      "beforeHooks": [],
      "afterHooks": [],
      "tests": [],
      "suites": [
        {
          "uuid": "d548851a-a51d-4596-b6e9-5310e156d935",
          "title": "Pruebas de Logout",
          "fullFile": "",
          "file": "",
          "beforeHooks": [],
          "afterHooks": [],
          "tests": [
            {
              "title": "Logout",
              "fullTitle": "Pruebas de Logout Logout",
              "timedOut": null,
              "duration": 11772,
              "state": "passed",
              "speed": "slow",
              "pass": true,
              "fail": false,
              "pending": false,
              "context": null,
              "code": "cy.visit(\"https://www.saucedemo.com/v1/index.html\");\ncy.wait(2000);\ncy.get(\"#user-name\").click().type(\"standard_user\");\ncy.wait(2000);\ncy.get(\"#password\").click().type(\"secret_sauce\");\ncy.wait(2000);\ncy.get(\"#login-button\").click();\ncy.wait(2000);\ncy.url().should('include', '/inventory.html');\ncy.get(\"#menu_button_container > div > div:nth-child(3) > div > button\").click();\ncy.wait(2000);\ncy.get(\"#logout_sidebar_link\").click();\ncy.url().should('include', '/index.html');",
              "err": {},
              "uuid": "9d2afd04-ed3b-482a-a44a-3152103268ad",
              "parentUUID": "d548851a-a51d-4596-b6e9-5310e156d935",
              "isHook": false,
              "skipped": false
            }
          ],
          "suites": [],
          "passes": [
            "9d2afd04-ed3b-482a-a44a-3152103268ad"
          ],
          "failures": [],
          "pending": [],
          "skipped": [],
          "duration": 11772,
          "root": false,
          "rootEmpty": false,
          "_timeout": 2000
        }
      ],
      "passes": [],
      "failures": [],
      "pending": [],
      "skipped": [],
      "duration": 0,
      "root": true,
      "rootEmpty": true,
      "_timeout": 2000
    }
  ],
  "meta": {
    "mocha": {
      "version": "7.0.1"
    },
    "mochawesome": {
      "options": {
        "quiet": false,
        "reportFilename": "mochawesome",
        "saveHtml": true,
        "saveJson": true,
        "consoleReporter": "spec",
        "useInlineDiffs": false,
        "code": true
      },
      "version": "7.1.3"
    },
    "marge": {
      "options": {
        "reportDir": "cypress/reports/mochawesome",
        "overwrite": false,
        "html": true,
        "json": true
      },
      "version": "6.2.0"
    }
  }
}