{
  "stats": {
    "suites": 1,
    "tests": 4,
    "passes": 4,
    "pending": 0,
    "failures": 0,
    "start": "2024-09-22T22:29:28.348Z",
    "end": "2024-09-22T22:31:12.301Z",
    "duration": 103953,
    "testsRegistered": 4,
    "passPercent": 100,
    "pendingPercent": 0,
    "other": 0,
    "hasOther": false,
    "skipped": 0,
    "hasSkipped": false
  },
  "results": [
    {
      "uuid": "ea7045df-d2a8-48ea-9fff-28cadeb675e1",
      "title": "",
      "fullFile": "cypress\\e2e\\ProyectoAutomatizacion\\carrito.spec.cy.js",
      "file": "cypress\\e2e\\ProyectoAutomatizacion\\carrito.spec.cy.js",
      "beforeHooks": [],
      "afterHooks": [],
      "tests": [],
      "suites": [
        {
          "uuid": "f2e16eca-681a-408c-b2fc-8ae077416fa4",
          "title": "Pruebas del Carrito",
          "fullFile": "",
          "file": "",
          "beforeHooks": [],
          "afterHooks": [],
          "tests": [
            {
              "title": "Agregar un producto al carrito",
              "fullTitle": "Pruebas del Carrito Agregar un producto al carrito",
              "timedOut": null,
              "duration": 14867,
              "state": "passed",
              "speed": "slow",
              "pass": true,
              "fail": false,
              "pending": false,
              "context": null,
              "code": "cy.visit(\"https://www.saucedemo.com/v1/index.html\");\ncy.wait(2000);\ncy.get(\"#user-name\").click().type(\"standard_user\");\ncy.wait(2000);\ncy.get(\"#password\").click().type(\"secret_sauce\");\ncy.wait(2000);\ncy.get(\"#login-button\").click();\ncy.wait(2000);\n//Agrega un producto al carrito\ncy.get(\"#inventory_container > div > div:nth-child(1) > div.pricebar > button\").click();\ncy.wait(2000);\n//clic en carrito\ncy.get(\"#shopping_cart_container > a > svg > path\").click();\ncy.wait(2000);\n//compara el nombre del producto de la pagina \"text1\" con el producto del carrito \"text2\"\ncy.get('#item_4_title_link').invoke('text').then(text1 => {\n  //Obtiene el texto del elemento, almacena el texto obtenido en text1.\n  cy.get('#item_4_title_link > div').invoke('text').should(text2 => {\n    //Verifica que ambos textos sean iguales.\n    expect(text1).to.equal(text2);\n  });\n});\n//validar que la cantidad de productos sea la correcta\ncy.get(\"#cart_contents_container > div > div.cart_list > div.cart_item > div.cart_quantity\").should('contain.text', '1'); //Verifica que ese elemento contenga el texto '1', es decir, que la cantidad de productos sea 1.\n//clic en boton continuar comprando\ncy.get(\"#cart_contents_container > div > div.cart_footer > a.btn_secondary\").click();\n//Validar que el precio del producto en la página de inventario coincide con el del carrito\ncy.get('#inventory_container > div > div:nth-child(1) > div.pricebar > div').invoke('text').then(precioProducto => {\n  //obtiene el texto del precio del producto en la pagina principal\n  const precioProductoLimpio = precioProducto.replace(/[^\\d.-]/g, '').trim(); //Elimina cualquier carácter que no sea un número o un punto (deja solo los números y el punto decimal).\n  // hacer clic en el carrito de compras\n  cy.get(\"#shopping_cart_container > a > svg > path\").click();\n  cy.get('#cart_contents_container > div > div.cart_list > div.cart_item > div.cart_item_label > div.item_pricebar > div').invoke('text').then(precioCarrito => {\n    //obtiene el texto del precio del producto en el carrito\n    const precioCarritoLimpio = precioCarrito.replace(/[^\\d.-]/g, '').trim(); //Elimina cualquier carácter que no sea un número o un punto\n    //Compara que el precio del producto en la página de inventario sea igual al precio en el carrito.\n    expect(precioProductoLimpio).to.equal(precioCarritoLimpio);\n  });\n});",
              "err": {},
              "uuid": "19c77e7d-dd30-4ec2-802c-80b0e89539d2",
              "parentUUID": "f2e16eca-681a-408c-b2fc-8ae077416fa4",
              "isHook": false,
              "skipped": false
            },
            {
              "title": "Agregar varios productos al carrito",
              "fullTitle": "Pruebas del Carrito Agregar varios productos al carrito",
              "timedOut": null,
              "duration": 53479,
              "state": "passed",
              "speed": "slow",
              "pass": true,
              "fail": false,
              "pending": false,
              "context": null,
              "code": "cy.visit(\"https://www.saucedemo.com/v1/index.html\");\ncy.wait(2000);\ncy.get(\"#user-name\").click().type(\"standard_user\");\ncy.wait(2000);\ncy.get(\"#password\").click().type(\"secret_sauce\");\ncy.wait(2000);\ncy.get(\"#login-button\").click();\ncy.wait(2000);\n//Se agregan varios productos al carrito de compras\ncy.get(\"#inventory_container > div > div:nth-child(1) > div.pricebar > button\").click();\ncy.wait(1000);\ncy.get(\"#inventory_container > div > div:nth-child(2) > div.pricebar > button\").click();\ncy.wait(1000);\ncy.get(\"#inventory_container > div > div:nth-child(3) > div.pricebar > button\").click();\ncy.wait(2000);\n//Obtener el texto del primer producto desde la pagina principal\ncy.get('#item_4_title_link > div').invoke('text').then(text1 => {\n  //Ir al carrito\n  cy.get(\"#shopping_cart_container > a > svg\").click();\n  cy.wait(2000);\n  //Obtener el texto del primer producto desde el carrito de compras\n  cy.get('#item_4_title_link > div').invoke('text').should(text2 => {\n    // Compara ambos textos para verificar que sean iguales\n    expect(text1).to.equal(text2);\n  });\n});\ncy.wait(2000);\n//clic en el boton continuar comprando\ncy.get(\"#cart_contents_container > div > div.cart_footer > a.btn_secondary\").click();\ncy.wait(2000);\n// Selecciona el precio del primer producto en la página de productos\ncy.get('#inventory_container > div > div:nth-child(1) > div.pricebar > div').invoke('text').then(precioProducto => {\n  //Elimina cualquier carácter que no sea un número o un punto\n  const precioProductoLimpio = precioProducto.replace(/[^\\d.-]/g, '').trim();\n  //Ir al carrito\n  cy.wait(2000);\n  cy.get(\"#shopping_cart_container > a > svg > path\").click();\n  cy.wait(2000);\n  // Selecciona el precio del primer producto en el carrito\n  cy.get('#cart_contents_container > div > div.cart_list > div:nth-child(3) > div.cart_item_label > div.item_pricebar > div').invoke('text').then(precioCarrito => {\n    //Elimina cualquier carácter que no sea un número o un punto\n    const precioCarritoLimpio = precioCarrito.replace(/[^\\d.-]/g, '').trim();\n    // Compara ambos precios para verificar que sean iguales\n    expect(precioProductoLimpio).to.equal(precioCarritoLimpio);\n  });\n});\ncy.wait(2000);\n//Obtener el texto del segundo producto desde la pagina principal\ncy.get('#item_0_title_link > div').invoke('text').then(text1 => {\n  //ir al carrito\n  cy.wait(2000);\n  cy.get(\"#shopping_cart_container > a > svg\").click();\n  cy.wait(2000);\n  //Obtener el texto del segundo producto desde el carrito\n  cy.get('#item_0_title_link > div').invoke('text').should(text2 => {\n    // Compara ambos textos para verificar que sean iguales\n    expect(text1).to.equal(text2);\n  });\n});\ncy.wait(2000);\n//clic en el boton continuar comprando\ncy.get(\"#cart_contents_container > div > div.cart_footer > a.btn_secondary\").click();\n// Selecciona el precio del producto en la página de productos\ncy.get('#inventory_container > div > div:nth-child(2) > div.pricebar > div').invoke('text').then(precioProducto => {\n  const precioProductoLimpio = precioProducto.replace(/[^\\d.-]/g, '').trim();\n  //Ir al carrito\n  cy.wait(2000);\n  cy.get(\"#shopping_cart_container > a > svg > path\").click();\n  cy.wait(2000);\n  // Selecciona el precio del mismo producto en el carrito\n  cy.get('#cart_contents_container > div > div.cart_list > div:nth-child(4) > div.cart_item_label > div.item_pricebar > div').invoke('text').then(precioCarrito => {\n    const precioCarritoLimpio = precioCarrito.replace(/[^\\d.-]/g, '').trim();\n    // Compara ambos precios para verificar que sean iguales\n    expect(precioProductoLimpio).to.equal(precioCarritoLimpio);\n  });\n});\ncy.wait(2000);\n//Obtener el texto del tercer producto desde la pagina principal\ncy.get('#item_1_title_link > div').invoke('text').then(text1 => {\n  //ir al carrito\n  cy.wait(2000);\n  cy.get(\"#shopping_cart_container > a > svg\").click();\n  cy.wait(2000);\n  //Obtener el texto del tercer producto desde el carrito\n  cy.get('#item_1_title_link > div').invoke('text').should(text2 => {\n    // Compara ambos textos para verificar que sean iguales\n    expect(text1).to.equal(text2);\n  });\n});\ncy.wait(2000);\n//clic en el boton continuar comprando\ncy.get(\"#cart_contents_container > div > div.cart_footer > a.btn_secondary\").click();\n// Selecciona el precio del tercer producto en la página de productos\ncy.get('#inventory_container > div > div:nth-child(3) > div.pricebar > div').invoke('text').then(precioProducto => {\n  // Limpia el formato del precio (por ejemplo, si viene con un símbolo de moneda y espacios)\n  const precioProductoLimpio = precioProducto.replace(/[^\\d.-]/g, '').trim();\n  //Ir al carrito\n  cy.wait(2000);\n  cy.get(\"#shopping_cart_container > a > svg > path\").click();\n  cy.wait(2000);\n  // Selecciona el precio del mismo producto en el carrito\n  cy.get('#cart_contents_container > div > div.cart_list > div:nth-child(5) > div.cart_item_label > div.item_pricebar > div').invoke('text').then(precioCarrito => {\n    // Limpia el formato del precio (por ejemplo, si viene con un símbolo de moneda y espacios)\n    const precioCarritoLimpio = precioCarrito.replace(/[^\\d.-]/g, '').trim();\n    // Compara ambos precios para verificar que sean iguales\n    expect(precioProductoLimpio).to.equal(precioCarritoLimpio);\n  });\n});\ncy.wait(2000);\n// Crea una lista de selectores que corresponden a las cantidades de cada producto\nconst selectorProductos = ['#cart_contents_container > div > div.cart_list > div:nth-child(3) > div.cart_quantity', '#cart_contents_container > div > div.cart_list > div:nth-child(4) > div.cart_quantity', '#cart_contents_container > div > div.cart_list > div:nth-child(5) > div.cart_quantity'];\n//Se declara una variable totalQuantity que comienza con un valor de 0. \n//Aquí es donde se irá sumando la cantidad de cada producto a medida que se recorre la lista.\nlet cantidadTotal = 0;\n// Itera sobre cada selector para sumar las \n//Cypress envuelve el array de selectores con cy.wrap y usa each para iterar sobre cada selector.\ncy.wrap(selectorProductos).each(selector => {\n  //Para cada iteración, Cypress selecciona el elemento en el DOM que corresponde al selector actual.\n  cy.get(selector)\n  //Obtiene el texto del elemento (que contiene la cantidad del producto en el carrito).\n  .invoke('text')\n  //Dentro de la promesa, convierte el texto en un número usando parseInt, eliminando cualquier espacio en blanco con trim().\n  .then(text => {\n    const cantidad = parseInt(text.trim(), 10);\n    cantidadTotal += cantidad; //Suma el número de productos encontrados a la variable\n  });\n}).then(() => {\n  cy.wait(2000);\n  // Muestra el total en la consola\n  cy.log('Total de productos en el carrito:', cantidadTotal);\n  // Realiza una verificación opcional\n  expect(cantidadTotal).to.be.greaterThan(0); // Verifica que haya al menos un producto\n});",
              "err": {},
              "uuid": "d0623940-6a13-48af-89e1-dde5771f071c",
              "parentUUID": "f2e16eca-681a-408c-b2fc-8ae077416fa4",
              "isHook": false,
              "skipped": false
            },
            {
              "title": "Eliminar del carrito",
              "fullTitle": "Pruebas del Carrito Eliminar del carrito",
              "timedOut": null,
              "duration": 18992,
              "state": "passed",
              "speed": "slow",
              "pass": true,
              "fail": false,
              "pending": false,
              "context": null,
              "code": "cy.visit(\"https://www.saucedemo.com/v1/index.html\");\ncy.wait(2000);\ncy.get(\"#user-name\").click().type(\"standard_user\");\ncy.wait(2000);\ncy.get(\"#password\").click().type(\"secret_sauce\");\ncy.wait(2000);\ncy.get(\"#login-button\").click();\ncy.wait(2000);\n//Agregar primer producto al carrito\ncy.get(\"#inventory_container > div > div:nth-child(1) > div.pricebar > button\").click();\ncy.wait(2000);\n//Agregar segundo producto al carrito\ncy.get(\"#inventory_container > div > div:nth-child(2) > div.pricebar > button\").click();\ncy.wait(2000);\n//ir al carrito\ncy.get(\"#shopping_cart_container > a > svg > path\").click();\ncy.wait(1000);\n// Verifica que ambos productos estén presentes inicialmente\ncy.get('#cart_contents_container > div > div.cart_list > div:nth-child(3) > div.cart_item_label').should('exist');\ncy.wait(1000);\ncy.get('#cart_contents_container > div > div.cart_list > div:nth-child(4) > div.cart_item_label').should('exist');\ncy.wait(2000);\n// Elimina el primer producto\ncy.get('#cart_contents_container > div > div.cart_list > div:nth-child(3) > div.cart_item_label > div.item_pricebar > button').click();\n//Espera a que el carrito se actualice\ncy.wait(1000);\n// Verifica que el primer producto ya no esté en el carrito\ncy.get('#cart_contents_container > div > div.cart_list > div:nth-child(3) > div.cart_item_label').should('not.exist');\n//Verifica que el segundo producto aún esté en el carrito\ncy.get('#cart_contents_container > div > div.cart_list > div:nth-child(4) > div.cart_item_label').should('exist');",
              "err": {},
              "uuid": "5f7dac33-13a9-4911-9cfd-98f441e2d65d",
              "parentUUID": "f2e16eca-681a-408c-b2fc-8ae077416fa4",
              "isHook": false,
              "skipped": false
            },
            {
              "title": "Eliminar desde la pagina productos",
              "fullTitle": "Pruebas del Carrito Eliminar desde la pagina productos",
              "timedOut": null,
              "duration": 14444,
              "state": "passed",
              "speed": "slow",
              "pass": true,
              "fail": false,
              "pending": false,
              "context": null,
              "code": "cy.visit(\"https://www.saucedemo.com/v1/index.html\");\ncy.wait(2000);\ncy.get(\"#user-name\").click().type(\"standard_user\");\ncy.wait(2000);\ncy.get(\"#password\").click().type(\"secret_sauce\");\ncy.wait(2000);\ncy.get(\"#login-button\").click();\ncy.wait(2000);\n//Agregamos producto al carrito\ncy.get(\"#inventory_container > div > div:nth-child(1) > div.pricebar > button\").click();\n//Vamos al carrito de compras\ncy.get(\"#shopping_cart_container > a > svg > path\").click();\n//Verificamos que el producto exista en el carrito de compras\ncy.get('#cart_contents_container > div > div.cart_list > div:nth-child(3) > div.cart_item_label').should('exist').wait(2000);\n//Regresamos a la pagina de compras por medio del botón seguir comprando\ncy.get(\"#cart_contents_container > div > div.cart_footer > a.btn_secondary\").click();\n//Eliminamos el producto desde el botón remove\ncy.get(\"#inventory_container > div > div:nth-child(1) > div.pricebar > button\").click();\n//Verificamos que el producto ya no se encuentra añadido desde la página principal\ncy.get('#cart_contents_container > div > div.cart_list > div:nth-child(3) > div.cart_item_label').should('not.exist');\n//Vamos al carrito de compras\ncy.get(\"#shopping_cart_container > a > svg > path\").click().wait(2000);\n//Verificamos que no existe el producto\ncy.get('#cart_contents_container > div > div.cart_list > div:nth-child(3) > div.cart_item_label').should('not.exist');",
              "err": {},
              "uuid": "7d6e57ad-39a2-4764-bfbb-aa22622ead46",
              "parentUUID": "f2e16eca-681a-408c-b2fc-8ae077416fa4",
              "isHook": false,
              "skipped": false
            }
          ],
          "suites": [],
          "passes": [
            "19c77e7d-dd30-4ec2-802c-80b0e89539d2",
            "d0623940-6a13-48af-89e1-dde5771f071c",
            "5f7dac33-13a9-4911-9cfd-98f441e2d65d",
            "7d6e57ad-39a2-4764-bfbb-aa22622ead46"
          ],
          "failures": [],
          "pending": [],
          "skipped": [],
          "duration": 101782,
          "root": false,
          "rootEmpty": false,
          "_timeout": 2000
        }
      ],
      "passes": [],
      "failures": [],
      "pending": [],
      "skipped": [],
      "duration": 0,
      "root": true,
      "rootEmpty": true,
      "_timeout": 2000
    }
  ],
  "meta": {
    "mocha": {
      "version": "7.0.1"
    },
    "mochawesome": {
      "options": {
        "quiet": false,
        "reportFilename": "mochawesome",
        "saveHtml": true,
        "saveJson": true,
        "consoleReporter": "spec",
        "useInlineDiffs": false,
        "code": true
      },
      "version": "7.1.3"
    },
    "marge": {
      "options": {
        "reportDir": "cypress/reports/mochawesome",
        "overwrite": false,
        "html": true,
        "json": true
      },
      "version": "6.2.0"
    }
  }
}