{
  "stats": {
    "suites": 1,
    "tests": 2,
    "passes": 2,
    "pending": 0,
    "failures": 0,
    "start": "2024-09-22T22:31:44.781Z",
    "end": "2024-09-22T22:32:00.650Z",
    "duration": 15869,
    "testsRegistered": 2,
    "passPercent": 100,
    "pendingPercent": 0,
    "other": 0,
    "hasOther": false,
    "skipped": 0,
    "hasSkipped": false
  },
  "results": [
    {
      "uuid": "14cdfab1-3009-4483-a9e8-b2388a1af78b",
      "title": "",
      "fullFile": "cypress\\e2e\\ProyectoAutomatizacion\\login.spec.cy.js",
      "file": "cypress\\e2e\\ProyectoAutomatizacion\\login.spec.cy.js",
      "beforeHooks": [],
      "afterHooks": [],
      "tests": [],
      "suites": [
        {
          "uuid": "b8844dd8-4c34-49ec-9181-43dfa6cfa5b4",
          "title": "Pruebas para login",
          "fullFile": "",
          "file": "",
          "beforeHooks": [],
          "afterHooks": [],
          "tests": [
            {
              "title": "Login exitoso",
              "fullTitle": "Pruebas para login Login exitoso",
              "timedOut": null,
              "duration": 7784,
              "state": "passed",
              "speed": "medium",
              "pass": true,
              "fail": false,
              "pending": false,
              "context": null,
              "code": "cy.visit(\"https://www.saucedemo.com/v1/index.html\");\ncy.wait(2000);\ncy.get(\"#user-name\").click().type(\"standard_user\");\ncy.wait(2000);\ncy.get(\"#password\").click().type(\"secret_sauce\");\ncy.wait(2000);\ncy.get(\"#login-button\").click();\ncy.url().should('include', '/inventory.html');",
              "err": {},
              "uuid": "b1639b42-d6e2-4707-bee5-3e59c4783ef7",
              "parentUUID": "b8844dd8-4c34-49ec-9181-43dfa6cfa5b4",
              "isHook": false,
              "skipped": false
            },
            {
              "title": "Login error",
              "fullTitle": "Pruebas para login Login error",
              "timedOut": null,
              "duration": 6746,
              "state": "passed",
              "speed": "medium",
              "pass": true,
              "fail": false,
              "pending": false,
              "context": null,
              "code": "cy.visit(\"https://www.saucedemo.com/v1/index.html\");\ncy.wait(2000);\ncy.get(\"#user-name\").click().type(\"estandar_user\");\ncy.wait(2000);\ncy.get(\"#password\").click().type(\"secret_s\");\ncy.wait(2000);\ncy.get(\"#login-button\").click();\ncy.get(\"#login_button_container > div > form > h3\").should('contain.text', 'Epic sadface: Username and password do not match any user in this service');",
              "err": {},
              "uuid": "9fce6a31-fa57-4e2e-b583-c7ac68c1adcc",
              "parentUUID": "b8844dd8-4c34-49ec-9181-43dfa6cfa5b4",
              "isHook": false,
              "skipped": false
            }
          ],
          "suites": [],
          "passes": [
            "b1639b42-d6e2-4707-bee5-3e59c4783ef7",
            "9fce6a31-fa57-4e2e-b583-c7ac68c1adcc"
          ],
          "failures": [],
          "pending": [],
          "skipped": [],
          "duration": 14530,
          "root": false,
          "rootEmpty": false,
          "_timeout": 2000
        }
      ],
      "passes": [],
      "failures": [],
      "pending": [],
      "skipped": [],
      "duration": 0,
      "root": true,
      "rootEmpty": true,
      "_timeout": 2000
    }
  ],
  "meta": {
    "mocha": {
      "version": "7.0.1"
    },
    "mochawesome": {
      "options": {
        "quiet": false,
        "reportFilename": "mochawesome",
        "saveHtml": true,
        "saveJson": true,
        "consoleReporter": "spec",
        "useInlineDiffs": false,
        "code": true
      },
      "version": "7.1.3"
    },
    "marge": {
      "options": {
        "reportDir": "cypress/reports/mochawesome",
        "overwrite": false,
        "html": true,
        "json": true
      },
      "version": "6.2.0"
    }
  }
}